<?xml version="1.0" encoding="UTF-8"?>
<!-- Generated by org.testng.reporters.JUnitXMLReporter -->
<testsuite ignored="0" hostname="LAPTOP-2MAM9RTQ" failures="1" tests="2" name="Test2" time="9.985" errors="0" timestamp="2025-06-24T13:29:33 IST">
  <testcase classname="Basics.Shopping.LoginValidationTest" name="loginValidationTest" time="0.416">
    <skipped/>
  </testcase> <!-- loginValidationTest -->
  <testcase classname="Basics.Shopping.LoginValidationTest" name="loginValidationTest" time="0.448">
    <failure type="java.lang.AssertionError" message="expected:&amp;lt;*Email is required&amp;gt; but was:&amp;lt;Email is required&amp;gt;">
      <![CDATA[java.lang.AssertionError: expected:<*Email is required> but was:<Email is required>
at Basics.Shopping.LoginValidationTest.loginValidationTest(LoginValidationTest.java:44)
at java.base/java.util.ArrayList.forEach(ArrayList.java:1511)
at java.base/java.util.concurrent.FutureTask.run(FutureTask.java:264)
at java.base/java.util.concurrent.ThreadPoolExecutor.runWorker(ThreadPoolExecutor.java:1136)
at java.base/java.util.concurrent.ThreadPoolExecutor$Worker.run(ThreadPoolExecutor.java:635)
at java.base/java.lang.Thread.run(Thread.java:833)
... Removed 19 stack frames]]>
    </failure>
  </testcase> <!-- loginValidationTest -->
</testsuite> <!-- Test2 -->
