<?xml version="1.0" encoding="UTF-8"?>
<testng-results ignored="0" total="2" passed="2" failed="0" skipped="0">
  <reporter-output>
  </reporter-output>
  <suite started-at="2025-06-29T00:41:29 IST" name="Suite" finished-at="2025-06-29T00:41:38 IST" duration-ms="8596">
    <groups>
    </groups>
    <test started-at="2025-06-29T00:41:29 IST" name="Test1" finished-at="2025-06-29T00:41:35 IST" duration-ms="5300">
      <class name="Basics.Shopping.LoginValidationTest">
        <test-method is-config="true" signature="launchApp()[pri:0, instance:Basics.Shopping.LoginValidationTest@4082ba93]" started-at="2025-06-29T00:41:29 IST" name="launchApp" finished-at="2025-06-29T00:41:34 IST" duration-ms="4862" status="PASS">
          <reporter-output>
          </reporter-output>
        </test-method> <!-- launchApp -->
        <test-method signature="loginValidationTest()[pri:0, instance:Basics.Shopping.LoginValidationTest@4082ba93]" started-at="2025-06-29T00:41:34 IST" name="loginValidationTest" finished-at="2025-06-29T00:41:35 IST" duration-ms="387" status="PASS">
          <reporter-output>
          </reporter-output>
        </test-method> <!-- loginValidationTest -->
        <test-method is-config="true" signature="closeDriver()[pri:0, instance:Basics.Shopping.LoginValidationTest@4082ba93]" started-at="2025-06-29T00:41:35 IST" name="closeDriver" finished-at="2025-06-29T00:41:35 IST" duration-ms="2" status="PASS">
          <reporter-output>
          </reporter-output>
        </test-method> <!-- closeDriver -->
      </class> <!-- Basics.Shopping.LoginValidationTest -->
    </test> <!-- Test1 -->
    <test started-at="2025-06-29T00:41:29 IST" name="Test2" finished-at="2025-06-29T00:41:38 IST" duration-ms="8596">
      <class name="Basics.Shopping.AddToCartValidation">
        <test-method is-config="true" signature="launchApp()[pri:0, instance:Basics.Shopping.AddToCartValidation@5884a914]" started-at="2025-06-29T00:41:29 IST" name="launchApp" finished-at="2025-06-29T00:41:33 IST" duration-ms="3426" status="PASS">
          <reporter-output>
          </reporter-output>
        </test-method> <!-- launchApp -->
        <test-method signature="addToCartValidation()[pri:0, instance:Basics.Shopping.AddToCartValidation@5884a914]" started-at="2025-06-29T00:41:33 IST" name="addToCartValidation" finished-at="2025-06-29T00:41:38 IST" duration-ms="5128" status="PASS">
          <reporter-output>
          </reporter-output>
        </test-method> <!-- addToCartValidation -->
        <test-method is-config="true" signature="closeDriver()[pri:0, instance:Basics.Shopping.AddToCartValidation@5884a914]" started-at="2025-06-29T00:41:38 IST" name="closeDriver" finished-at="2025-06-29T00:41:38 IST" duration-ms="0" status="PASS">
          <reporter-output>
          </reporter-output>
        </test-method> <!-- closeDriver -->
      </class> <!-- Basics.Shopping.AddToCartValidation -->
    </test> <!-- Test2 -->
  </suite> <!-- Suite -->
</testng-results>
