<?xml version="1.0" encoding="UTF-8"?>
<testng-results ignored="0" total="2" passed="2" failed="0" skipped="0">
  <reporter-output>
  </reporter-output>
  <suite started-at="2025-06-30T16:54:34 IST" name="Suite" finished-at="2025-06-30T16:54:45 IST" duration-ms="11496">
    <groups>
    </groups>
    <test started-at="2025-06-30T16:54:34 IST" name="Test1" finished-at="2025-06-30T16:54:42 IST" duration-ms="8157">
      <class name="Basics.Shopping.LoginValidationTest">
        <test-method is-config="true" signature="launchApp()[pri:0, instance:Basics.Shopping.LoginValidationTest@14028087]" started-at="2025-06-30T16:54:34 IST" name="launchApp" finished-at="2025-06-30T16:54:40 IST" duration-ms="6311" status="PASS">
          <reporter-output>
          </reporter-output>
        </test-method> <!-- launchApp -->
        <test-method signature="loginValidationTest()[pri:0, instance:Basics.Shopping.LoginValidationTest@14028087]" started-at="2025-06-30T16:54:40 IST" name="loginValidationTest" finished-at="2025-06-30T16:54:42 IST" duration-ms="1786" status="PASS">
          <reporter-output>
          </reporter-output>
        </test-method> <!-- loginValidationTest -->
        <test-method is-config="true" signature="closeDriver()[pri:0, instance:Basics.Shopping.LoginValidationTest@14028087]" started-at="2025-06-30T16:54:42 IST" name="closeDriver" finished-at="2025-06-30T16:54:42 IST" duration-ms="3" status="PASS">
          <reporter-output>
          </reporter-output>
        </test-method> <!-- closeDriver -->
      </class> <!-- Basics.Shopping.LoginValidationTest -->
    </test> <!-- Test1 -->
    <test started-at="2025-06-30T16:54:34 IST" name="Test2" finished-at="2025-06-30T16:54:45 IST" duration-ms="11496">
      <class name="Basics.Shopping.AddToCartValidation">
        <test-method is-config="true" signature="launchApp()[pri:0, instance:Basics.Shopping.AddToCartValidation@3cce5371]" started-at="2025-06-30T16:54:34 IST" name="launchApp" finished-at="2025-06-30T16:54:42 IST" duration-ms="7704" status="PASS">
          <reporter-output>
          </reporter-output>
        </test-method> <!-- launchApp -->
        <test-method signature="addToCartValidation()[pri:0, instance:Basics.Shopping.AddToCartValidation@3cce5371]" started-at="2025-06-30T16:54:42 IST" name="addToCartValidation" finished-at="2025-06-30T16:54:45 IST" duration-ms="3747" status="PASS">
          <reporter-output>
          </reporter-output>
        </test-method> <!-- addToCartValidation -->
        <test-method is-config="true" signature="closeDriver()[pri:0, instance:Basics.Shopping.AddToCartValidation@3cce5371]" started-at="2025-06-30T16:54:45 IST" name="closeDriver" finished-at="2025-06-30T16:54:45 IST" duration-ms="1" status="PASS">
          <reporter-output>
          </reporter-output>
        </test-method> <!-- closeDriver -->
      </class> <!-- Basics.Shopping.AddToCartValidation -->
    </test> <!-- Test2 -->
  </suite> <!-- Suite -->
</testng-results>
